app/build/intermediates/manifest_merge_blame_file/debug/processDebugMainManifest/manifest-merger-blame-debug-report.txt
1<?xml version="1.0" encoding="utf-8"?>
2<manifest xmlns:android="http://schemas.android.com/apk/res/android"
3    package="com.nightroll.app.debug"
4    android:versionCode="1"
5    android:versionName="1.0" >
6
7    <uses-sdk
8        android:minSdkVersion="26"
9        android:targetSdkVersion="35" />
10
11    <!-- Network permissions -->
12    <uses-permission android:name="android.permission.INTERNET" />
12-->src/main/AndroidManifest.xml:6:5-67
12-->src/main/AndroidManifest.xml:6:22-64
13    <uses-permission android:name="android.permission.ACCESS_NETWORK_STATE" />
13-->src/main/AndroidManifest.xml:7:5-79
13-->src/main/AndroidManifest.xml:7:22-76
14
15    <!-- Location permissions -->
16    <uses-permission android:name="android.permission.ACCESS_FINE_LOCATION" />
16-->src/main/AndroidManifest.xml:10:5-79
16-->src/main/AndroidManifest.xml:10:22-76
17    <uses-permission android:name="android.permission.ACCESS_COARSE_LOCATION" />
17-->src/main/AndroidManifest.xml:11:5-81
17-->src/main/AndroidManifest.xml:11:22-78
18
19    <!-- Camera and storage for profile pictures -->
20    <uses-permission android:name="android.permission.CAMERA" />
20-->src/main/AndroidManifest.xml:14:5-65
20-->src/main/AndroidManifest.xml:14:22-62
21    <uses-permission android:name="android.permission.READ_EXTERNAL_STORAGE" />
21-->src/main/AndroidManifest.xml:15:5-80
21-->src/main/AndroidManifest.xml:15:22-77
22    <uses-permission android:name="android.permission.READ_MEDIA_IMAGES" />
22-->src/main/AndroidManifest.xml:16:5-76
22-->src/main/AndroidManifest.xml:16:22-73
23    <uses-permission android:name="android.permission.READ_MEDIA_VIDEO" />
23-->src/main/AndroidManifest.xml:17:5-75
23-->src/main/AndroidManifest.xml:17:22-72
24
25    <!-- Notification permissions for Android 13+ -->
26    <uses-permission android:name="android.permission.POST_NOTIFICATIONS" />
26-->src/main/AndroidManifest.xml:20:5-77
26-->src/main/AndroidManifest.xml:20:22-74
27
28    <!-- Vibration for haptic feedback -->
29    <uses-permission android:name="android.permission.VIBRATE" />
29-->src/main/AndroidManifest.xml:23:5-66
29-->src/main/AndroidManifest.xml:23:22-63
30
31    <uses-feature
31-->[com.google.android.gms:play-services-maps:19.0.0] AndroidManifest.xml:26:5-28:35
32        android:glEsVersion="0x00020000"
32-->[com.google.android.gms:play-services-maps:19.0.0] AndroidManifest.xml:27:9-41
33        android:required="true" />
33-->[com.google.android.gms:play-services-maps:19.0.0] AndroidManifest.xml:28:9-32
34
35    <queries>
35-->[com.google.android.gms:play-services-maps:19.0.0] AndroidManifest.xml:30:5-34:15
36
37        <!-- Needs to be explicitly declared on Android R+ -->
38        <package android:name="com.google.android.apps.maps" />
38-->[com.google.android.gms:play-services-maps:19.0.0] AndroidManifest.xml:33:9-64
38-->[com.google.android.gms:play-services-maps:19.0.0] AndroidManifest.xml:33:18-61
39    </queries>
40
41    <uses-permission android:name="android.permission.WAKE_LOCK" />
41-->[androidx.work:work-runtime:2.10.0] AndroidManifest.xml:23:5-68
41-->[androidx.work:work-runtime:2.10.0] AndroidManifest.xml:23:22-65
42    <uses-permission android:name="android.permission.RECEIVE_BOOT_COMPLETED" />
42-->[androidx.work:work-runtime:2.10.0] AndroidManifest.xml:25:5-81
42-->[androidx.work:work-runtime:2.10.0] AndroidManifest.xml:25:22-78
43    <uses-permission android:name="android.permission.FOREGROUND_SERVICE" />
43-->[androidx.work:work-runtime:2.10.0] AndroidManifest.xml:26:5-77
43-->[androidx.work:work-runtime:2.10.0] AndroidManifest.xml:26:22-74
44
45    <permission
45-->[androidx.core:core:1.15.0] AndroidManifest.xml:22:5-24:47
46        android:name="com.nightroll.app.debug.DYNAMIC_RECEIVER_NOT_EXPORTED_PERMISSION"
46-->[androidx.core:core:1.15.0] AndroidManifest.xml:23:9-81
47        android:protectionLevel="signature" />
47-->[androidx.core:core:1.15.0] AndroidManifest.xml:24:9-44
48
49    <uses-permission android:name="com.nightroll.app.debug.DYNAMIC_RECEIVER_NOT_EXPORTED_PERMISSION" />
49-->[androidx.core:core:1.15.0] AndroidManifest.xml:26:5-97
49-->[androidx.core:core:1.15.0] AndroidManifest.xml:26:22-94
50
51    <application
51-->src/main/AndroidManifest.xml:25:5-117:19
52        android:name="com.nightroll.app.NightrollApplication"
52-->src/main/AndroidManifest.xml:26:9-45
53        android:allowBackup="true"
53-->src/main/AndroidManifest.xml:27:9-35
54        android:appComponentFactory="androidx.core.app.CoreComponentFactory"
54-->[androidx.core:core:1.15.0] AndroidManifest.xml:28:18-86
55        android:dataExtractionRules="@xml/data_extraction_rules"
55-->src/main/AndroidManifest.xml:28:9-65
56        android:debuggable="true"
57        android:enableOnBackInvokedCallback="true"
57-->src/main/AndroidManifest.xml:35:9-51
58        android:extractNativeLibs="false"
59        android:fullBackupContent="@xml/backup_rules"
59-->src/main/AndroidManifest.xml:29:9-54
60        android:icon="@mipmap/ic_launcher"
60-->src/main/AndroidManifest.xml:30:9-43
61        android:label="@string/app_name"
61-->src/main/AndroidManifest.xml:31:9-41
62        android:roundIcon="@mipmap/ic_launcher_round"
62-->src/main/AndroidManifest.xml:32:9-54
63        android:supportsRtl="true"
63-->src/main/AndroidManifest.xml:33:9-35
64        android:theme="@style/Theme.Nightroll" >
64-->src/main/AndroidManifest.xml:34:9-47
65
66        <!-- Google Maps API Key - Your provided key -->
67        <meta-data
67-->src/main/AndroidManifest.xml:39:9-41:71
68            android:name="com.google.android.geo.API_KEY"
68-->src/main/AndroidManifest.xml:40:13-58
69            android:value="AIzaSyCOU93j67uGsk5_RbZ_PUhrOjj6gEYex-A" />
69-->src/main/AndroidManifest.xml:41:13-68
70
71        <!-- Main Activity -->
72        <activity
72-->src/main/AndroidManifest.xml:44:9-53:20
73            android:name="com.nightroll.app.MainActivity"
73-->src/main/AndroidManifest.xml:45:13-41
74            android:exported="true"
74-->src/main/AndroidManifest.xml:46:13-36
75            android:screenOrientation="portrait"
75-->src/main/AndroidManifest.xml:48:13-49
76            android:theme="@style/Theme.Nightroll" >
76-->src/main/AndroidManifest.xml:47:13-51
77            <intent-filter>
77-->src/main/AndroidManifest.xml:49:13-52:29
78                <action android:name="android.intent.action.MAIN" />
78-->src/main/AndroidManifest.xml:50:17-69
78-->src/main/AndroidManifest.xml:50:25-66
79
80                <category android:name="android.intent.category.LAUNCHER" />
80-->src/main/AndroidManifest.xml:51:17-77
80-->src/main/AndroidManifest.xml:51:27-74
81            </intent-filter>
82        </activity>
83
84        <!-- Bar Details Activity -->
85        <activity
85-->src/main/AndroidManifest.xml:56:9-60:66
86            android:name="com.nightroll.app.ui.bar.BarDetailsActivity"
86-->src/main/AndroidManifest.xml:57:13-54
87            android:exported="false"
87-->src/main/AndroidManifest.xml:58:13-37
88            android:parentActivityName="com.nightroll.app.MainActivity"
88-->src/main/AndroidManifest.xml:59:13-55
89            android:theme="@style/Theme.Nightroll.NoActionBar" />
89-->src/main/AndroidManifest.xml:60:13-63
90
91        <!-- Settings Activity -->
92        <activity
92-->src/main/AndroidManifest.xml:63:9-67:66
93            android:name="com.nightroll.app.ui.settings.SettingsActivity"
93-->src/main/AndroidManifest.xml:64:13-57
94            android:exported="false"
94-->src/main/AndroidManifest.xml:65:13-37
95            android:parentActivityName="com.nightroll.app.MainActivity"
95-->src/main/AndroidManifest.xml:66:13-55
96            android:theme="@style/Theme.Nightroll.NoActionBar" />
96-->src/main/AndroidManifest.xml:67:13-63
97
98        <!-- Profile Edit Activity -->
99        <activity
99-->src/main/AndroidManifest.xml:70:9-74:66
100            android:name="com.nightroll.app.ui.profile.EditProfileActivity"
100-->src/main/AndroidManifest.xml:71:13-59
101            android:exported="false"
101-->src/main/AndroidManifest.xml:72:13-37
102            android:parentActivityName="com.nightroll.app.MainActivity"
102-->src/main/AndroidManifest.xml:73:13-55
103            android:theme="@style/Theme.Nightroll.NoActionBar" />
103-->src/main/AndroidManifest.xml:74:13-63
104
105        <!-- Reel Player Activity -->
106        <activity
106-->src/main/AndroidManifest.xml:77:9-82:52
107            android:name="com.nightroll.app.ui.reel.ReelPlayerActivity"
107-->src/main/AndroidManifest.xml:78:13-55
108            android:exported="false"
108-->src/main/AndroidManifest.xml:79:13-37
109            android:parentActivityName="com.nightroll.app.MainActivity"
109-->src/main/AndroidManifest.xml:80:13-55
110            android:screenOrientation="portrait"
110-->src/main/AndroidManifest.xml:82:13-49
111            android:theme="@style/Theme.Nightroll.Fullscreen" />
111-->src/main/AndroidManifest.xml:81:13-62
112
113        <!-- Navigation Activity -->
114        <activity
114-->src/main/AndroidManifest.xml:85:9-90:52
115            android:name="com.nightroll.app.ui.map.NavigationActivity"
115-->src/main/AndroidManifest.xml:86:13-54
116            android:exported="false"
116-->src/main/AndroidManifest.xml:87:13-37
117            android:parentActivityName="com.nightroll.app.MainActivity"
117-->src/main/AndroidManifest.xml:88:13-55
118            android:screenOrientation="portrait"
118-->src/main/AndroidManifest.xml:90:13-49
119            android:theme="@style/Theme.Nightroll.NoActionBar" />
119-->src/main/AndroidManifest.xml:89:13-63
120
121        <!-- File Provider for image sharing -->
122        <provider
123            android:name="androidx.core.content.FileProvider"
123-->src/main/AndroidManifest.xml:94:13-62
124            android:authorities="com.nightroll.app.debug.fileprovider"
124-->src/main/AndroidManifest.xml:95:13-64
125            android:exported="false"
125-->src/main/AndroidManifest.xml:96:13-37
126            android:grantUriPermissions="true" >
126-->src/main/AndroidManifest.xml:97:13-47
127            <meta-data
127-->src/main/AndroidManifest.xml:98:13-100:54
128                android:name="android.support.FILE_PROVIDER_PATHS"
128-->src/main/AndroidManifest.xml:99:17-67
129                android:resource="@xml/file_paths" />
129-->src/main/AndroidManifest.xml:100:17-51
130        </provider>
131
132        <!-- Background work for location updates -->
133        <service
133-->src/main/AndroidManifest.xml:104:9-108:56
134            android:name="com.nightroll.app.service.LocationUpdateService"
134-->src/main/AndroidManifest.xml:105:13-58
135            android:enabled="true"
135-->src/main/AndroidManifest.xml:106:13-35
136            android:exported="false"
136-->src/main/AndroidManifest.xml:107:13-37
137            android:foregroundServiceType="location" />
137-->src/main/AndroidManifest.xml:108:13-53
138
139        <!-- Navigation Service -->
140        <service
140-->src/main/AndroidManifest.xml:111:9-115:56
141            android:name="com.nightroll.app.service.NavigationService"
141-->src/main/AndroidManifest.xml:112:13-54
142            android:enabled="true"
142-->src/main/AndroidManifest.xml:113:13-35
143            android:exported="false"
143-->src/main/AndroidManifest.xml:114:13-37
144            android:foregroundServiceType="location" />
144-->src/main/AndroidManifest.xml:115:13-53
145
146        <!-- Needs to be explicitly declared on P+ -->
147        <uses-library
147-->[com.google.android.gms:play-services-maps:19.0.0] AndroidManifest.xml:39:9-41:40
148            android:name="org.apache.http.legacy"
148-->[com.google.android.gms:play-services-maps:19.0.0] AndroidManifest.xml:40:13-50
149            android:required="false" />
149-->[com.google.android.gms:play-services-maps:19.0.0] AndroidManifest.xml:41:13-37
150
151        <activity
151-->[com.google.android.gms:play-services-base:18.5.0] AndroidManifest.xml:5:9-173
152            android:name="com.google.android.gms.common.api.GoogleApiActivity"
152-->[com.google.android.gms:play-services-base:18.5.0] AndroidManifest.xml:5:19-85
153            android:exported="false"
153-->[com.google.android.gms:play-services-base:18.5.0] AndroidManifest.xml:5:146-170
154            android:theme="@android:style/Theme.Translucent.NoTitleBar" />
154-->[com.google.android.gms:play-services-base:18.5.0] AndroidManifest.xml:5:86-145
155
156        <meta-data
156-->[com.google.android.gms:play-services-basement:18.4.0] AndroidManifest.xml:6:9-122
157            android:name="com.google.android.gms.version"
157-->[com.google.android.gms:play-services-basement:18.4.0] AndroidManifest.xml:6:20-65
158            android:value="@integer/google_play_services_version" />
158-->[com.google.android.gms:play-services-basement:18.4.0] AndroidManifest.xml:6:66-119
159
160        <provider
160-->[androidx.emoji2:emoji2:1.3.0] AndroidManifest.xml:24:9-32:20
161            android:name="androidx.startup.InitializationProvider"
161-->[androidx.emoji2:emoji2:1.3.0] AndroidManifest.xml:25:13-67
162            android:authorities="com.nightroll.app.debug.androidx-startup"
162-->[androidx.emoji2:emoji2:1.3.0] AndroidManifest.xml:26:13-68
163            android:exported="false" >
163-->[androidx.emoji2:emoji2:1.3.0] AndroidManifest.xml:27:13-37
164            <meta-data
164-->[androidx.emoji2:emoji2:1.3.0] AndroidManifest.xml:29:13-31:52
165                android:name="androidx.emoji2.text.EmojiCompatInitializer"
165-->[androidx.emoji2:emoji2:1.3.0] AndroidManifest.xml:30:17-75
166                android:value="androidx.startup" />
166-->[androidx.emoji2:emoji2:1.3.0] AndroidManifest.xml:31:17-49
167            <meta-data
167-->[androidx.work:work-runtime:2.10.0] AndroidManifest.xml:34:13-36:52
168                android:name="androidx.work.WorkManagerInitializer"
168-->[androidx.work:work-runtime:2.10.0] AndroidManifest.xml:35:17-68
169                android:value="androidx.startup" />
169-->[androidx.work:work-runtime:2.10.0] AndroidManifest.xml:36:17-49
170            <meta-data
170-->[androidx.lifecycle:lifecycle-process:2.8.7] AndroidManifest.xml:29:13-31:52
171                android:name="androidx.lifecycle.ProcessLifecycleInitializer"
171-->[androidx.lifecycle:lifecycle-process:2.8.7] AndroidManifest.xml:30:17-78
172                android:value="androidx.startup" />
172-->[androidx.lifecycle:lifecycle-process:2.8.7] AndroidManifest.xml:31:17-49
173            <meta-data
173-->[androidx.profileinstaller:profileinstaller:1.4.0] AndroidManifest.xml:29:13-31:52
174                android:name="androidx.profileinstaller.ProfileInstallerInitializer"
174-->[androidx.profileinstaller:profileinstaller:1.4.0] AndroidManifest.xml:30:17-85
175                android:value="androidx.startup" />
175-->[androidx.profileinstaller:profileinstaller:1.4.0] AndroidManifest.xml:31:17-49
176        </provider>
177
178        <service
178-->[androidx.work:work-runtime:2.10.0] AndroidManifest.xml:39:9-45:35
179            android:name="androidx.work.impl.background.systemalarm.SystemAlarmService"
179-->[androidx.work:work-runtime:2.10.0] AndroidManifest.xml:40:13-88
180            android:directBootAware="false"
180-->[androidx.work:work-runtime:2.10.0] AndroidManifest.xml:41:13-44
181            android:enabled="@bool/enable_system_alarm_service_default"
181-->[androidx.work:work-runtime:2.10.0] AndroidManifest.xml:42:13-72
182            android:exported="false" />
182-->[androidx.work:work-runtime:2.10.0] AndroidManifest.xml:43:13-37
183        <service
183-->[androidx.work:work-runtime:2.10.0] AndroidManifest.xml:46:9-52:35
184            android:name="androidx.work.impl.background.systemjob.SystemJobService"
184-->[androidx.work:work-runtime:2.10.0] AndroidManifest.xml:47:13-84
185            android:directBootAware="false"
185-->[androidx.work:work-runtime:2.10.0] AndroidManifest.xml:48:13-44
186            android:enabled="@bool/enable_system_job_service_default"
186-->[androidx.work:work-runtime:2.10.0] AndroidManifest.xml:49:13-70
187            android:exported="true"
187-->[androidx.work:work-runtime:2.10.0] AndroidManifest.xml:50:13-36
188            android:permission="android.permission.BIND_JOB_SERVICE" />
188-->[androidx.work:work-runtime:2.10.0] AndroidManifest.xml:51:13-69
189        <service
189-->[androidx.work:work-runtime:2.10.0] AndroidManifest.xml:53:9-59:35
190            android:name="androidx.work.impl.foreground.SystemForegroundService"
190-->[androidx.work:work-runtime:2.10.0] AndroidManifest.xml:54:13-81
191            android:directBootAware="false"
191-->[androidx.work:work-runtime:2.10.0] AndroidManifest.xml:55:13-44
192            android:enabled="@bool/enable_system_foreground_service_default"
192-->[androidx.work:work-runtime:2.10.0] AndroidManifest.xml:56:13-77
193            android:exported="false" />
193-->[androidx.work:work-runtime:2.10.0] AndroidManifest.xml:57:13-37
194
195        <receiver
195-->[androidx.work:work-runtime:2.10.0] AndroidManifest.xml:61:9-66:35
196            android:name="androidx.work.impl.utils.ForceStopRunnable$BroadcastReceiver"
196-->[androidx.work:work-runtime:2.10.0] AndroidManifest.xml:62:13-88
197            android:directBootAware="false"
197-->[androidx.work:work-runtime:2.10.0] AndroidManifest.xml:63:13-44
198            android:enabled="true"
198-->[androidx.work:work-runtime:2.10.0] AndroidManifest.xml:64:13-35
199            android:exported="false" />
199-->[androidx.work:work-runtime:2.10.0] AndroidManifest.xml:65:13-37
200        <receiver
200-->[androidx.work:work-runtime:2.10.0] AndroidManifest.xml:67:9-77:20
201            android:name="androidx.work.impl.background.systemalarm.ConstraintProxy$BatteryChargingProxy"
201-->[androidx.work:work-runtime:2.10.0] AndroidManifest.xml:68:13-106
202            android:directBootAware="false"
202-->[androidx.work:work-runtime:2.10.0] AndroidManifest.xml:69:13-44
203            android:enabled="false"
203-->[androidx.work:work-runtime:2.10.0] AndroidManifest.xml:70:13-36
204            android:exported="false" >
204-->[androidx.work:work-runtime:2.10.0] AndroidManifest.xml:71:13-37
205            <intent-filter>
205-->[androidx.work:work-runtime:2.10.0] AndroidManifest.xml:73:13-76:29
206                <action android:name="android.intent.action.ACTION_POWER_CONNECTED" />
206-->[androidx.work:work-runtime:2.10.0] AndroidManifest.xml:74:17-87
206-->[androidx.work:work-runtime:2.10.0] AndroidManifest.xml:74:25-84
207                <action android:name="android.intent.action.ACTION_POWER_DISCONNECTED" />
207-->[androidx.work:work-runtime:2.10.0] AndroidManifest.xml:75:17-90
207-->[androidx.work:work-runtime:2.10.0] AndroidManifest.xml:75:25-87
208            </intent-filter>
209        </receiver>
210        <receiver
210-->[androidx.work:work-runtime:2.10.0] AndroidManifest.xml:78:9-88:20
211            android:name="androidx.work.impl.background.systemalarm.ConstraintProxy$BatteryNotLowProxy"
211-->[androidx.work:work-runtime:2.10.0] AndroidManifest.xml:79:13-104
212            android:directBootAware="false"
212-->[androidx.work:work-runtime:2.10.0] AndroidManifest.xml:80:13-44
213            android:enabled="false"
213-->[androidx.work:work-runtime:2.10.0] AndroidManifest.xml:81:13-36
214            android:exported="false" >
214-->[androidx.work:work-runtime:2.10.0] AndroidManifest.xml:82:13-37
215            <intent-filter>
215-->[androidx.work:work-runtime:2.10.0] AndroidManifest.xml:84:13-87:29
216                <action android:name="android.intent.action.BATTERY_OKAY" />
216-->[androidx.work:work-runtime:2.10.0] AndroidManifest.xml:85:17-77
216-->[androidx.work:work-runtime:2.10.0] AndroidManifest.xml:85:25-74
217                <action android:name="android.intent.action.BATTERY_LOW" />
217-->[androidx.work:work-runtime:2.10.0] AndroidManifest.xml:86:17-76
217-->[androidx.work:work-runtime:2.10.0] AndroidManifest.xml:86:25-73
218            </intent-filter>
219        </receiver>
220        <receiver
220-->[androidx.work:work-runtime:2.10.0] AndroidManifest.xml:89:9-99:20
221            android:name="androidx.work.impl.background.systemalarm.ConstraintProxy$StorageNotLowProxy"
221-->[androidx.work:work-runtime:2.10.0] AndroidManifest.xml:90:13-104
222            android:directBootAware="false"
222-->[androidx.work:work-runtime:2.10.0] AndroidManifest.xml:91:13-44
223            android:enabled="false"
223-->[androidx.work:work-runtime:2.10.0] AndroidManifest.xml:92:13-36
224            android:exported="false" >
224-->[androidx.work:work-runtime:2.10.0] AndroidManifest.xml:93:13-37
225            <intent-filter>
225-->[androidx.work:work-runtime:2.10.0] AndroidManifest.xml:95:13-98:29
226                <action android:name="android.intent.action.DEVICE_STORAGE_LOW" />
226-->[androidx.work:work-runtime:2.10.0] AndroidManifest.xml:96:17-83
226-->[androidx.work:work-runtime:2.10.0] AndroidManifest.xml:96:25-80
227                <action android:name="android.intent.action.DEVICE_STORAGE_OK" />
227-->[androidx.work:work-runtime:2.10.0] AndroidManifest.xml:97:17-82
227-->[androidx.work:work-runtime:2.10.0] AndroidManifest.xml:97:25-79
228            </intent-filter>
229        </receiver>
230        <receiver
230-->[androidx.work:work-runtime:2.10.0] AndroidManifest.xml:100:9-109:20
231            android:name="androidx.work.impl.background.systemalarm.ConstraintProxy$NetworkStateProxy"
231-->[androidx.work:work-runtime:2.10.0] AndroidManifest.xml:101:13-103
232            android:directBootAware="false"
232-->[androidx.work:work-runtime:2.10.0] AndroidManifest.xml:102:13-44
233            android:enabled="false"
233-->[androidx.work:work-runtime:2.10.0] AndroidManifest.xml:103:13-36
234            android:exported="false" >
234-->[androidx.work:work-runtime:2.10.0] AndroidManifest.xml:104:13-37
235            <intent-filter>
235-->[androidx.work:work-runtime:2.10.0] AndroidManifest.xml:106:13-108:29
236                <action android:name="android.net.conn.CONNECTIVITY_CHANGE" />
236-->[androidx.work:work-runtime:2.10.0] AndroidManifest.xml:107:17-79
236-->[androidx.work:work-runtime:2.10.0] AndroidManifest.xml:107:25-76
237            </intent-filter>
238        </receiver>
239        <receiver
239-->[androidx.work:work-runtime:2.10.0] AndroidManifest.xml:110:9-121:20
240            android:name="androidx.work.impl.background.systemalarm.RescheduleReceiver"
240-->[androidx.work:work-runtime:2.10.0] AndroidManifest.xml:111:13-88
241            android:directBootAware="false"
241-->[androidx.work:work-runtime:2.10.0] AndroidManifest.xml:112:13-44
242            android:enabled="false"
242-->[androidx.work:work-runtime:2.10.0] AndroidManifest.xml:113:13-36
243            android:exported="false" >
243-->[androidx.work:work-runtime:2.10.0] AndroidManifest.xml:114:13-37
244            <intent-filter>
244-->[androidx.work:work-runtime:2.10.0] AndroidManifest.xml:116:13-120:29
245                <action android:name="android.intent.action.BOOT_COMPLETED" />
245-->[androidx.work:work-runtime:2.10.0] AndroidManifest.xml:117:17-79
245-->[androidx.work:work-runtime:2.10.0] AndroidManifest.xml:117:25-76
246                <action android:name="android.intent.action.TIME_SET" />
246-->[androidx.work:work-runtime:2.10.0] AndroidManifest.xml:118:17-73
246-->[androidx.work:work-runtime:2.10.0] AndroidManifest.xml:118:25-70
247                <action android:name="android.intent.action.TIMEZONE_CHANGED" />
247-->[androidx.work:work-runtime:2.10.0] AndroidManifest.xml:119:17-81
247-->[androidx.work:work-runtime:2.10.0] AndroidManifest.xml:119:25-78
248            </intent-filter>
249        </receiver>
250        <receiver
250-->[androidx.work:work-runtime:2.10.0] AndroidManifest.xml:122:9-131:20
251            android:name="androidx.work.impl.background.systemalarm.ConstraintProxyUpdateReceiver"
251-->[androidx.work:work-runtime:2.10.0] AndroidManifest.xml:123:13-99
252            android:directBootAware="false"
252-->[androidx.work:work-runtime:2.10.0] AndroidManifest.xml:124:13-44
253            android:enabled="@bool/enable_system_alarm_service_default"
253-->[androidx.work:work-runtime:2.10.0] AndroidManifest.xml:125:13-72
254            android:exported="false" >
254-->[androidx.work:work-runtime:2.10.0] AndroidManifest.xml:126:13-37
255            <intent-filter>
255-->[androidx.work:work-runtime:2.10.0] AndroidManifest.xml:128:13-130:29
256                <action android:name="androidx.work.impl.background.systemalarm.UpdateProxies" />
256-->[androidx.work:work-runtime:2.10.0] AndroidManifest.xml:129:17-98
256-->[androidx.work:work-runtime:2.10.0] AndroidManifest.xml:129:25-95
257            </intent-filter>
258        </receiver>
259        <receiver
259-->[androidx.work:work-runtime:2.10.0] AndroidManifest.xml:132:9-142:20
260            android:name="androidx.work.impl.diagnostics.DiagnosticsReceiver"
260-->[androidx.work:work-runtime:2.10.0] AndroidManifest.xml:133:13-78
261            android:directBootAware="false"
261-->[androidx.work:work-runtime:2.10.0] AndroidManifest.xml:134:13-44
262            android:enabled="true"
262-->[androidx.work:work-runtime:2.10.0] AndroidManifest.xml:135:13-35
263            android:exported="true"
263-->[androidx.work:work-runtime:2.10.0] AndroidManifest.xml:136:13-36
264            android:permission="android.permission.DUMP" >
264-->[androidx.work:work-runtime:2.10.0] AndroidManifest.xml:137:13-57
265            <intent-filter>
265-->[androidx.work:work-runtime:2.10.0] AndroidManifest.xml:139:13-141:29
266                <action android:name="androidx.work.diagnostics.REQUEST_DIAGNOSTICS" />
266-->[androidx.work:work-runtime:2.10.0] AndroidManifest.xml:140:17-88
266-->[androidx.work:work-runtime:2.10.0] AndroidManifest.xml:140:25-85
267            </intent-filter>
268        </receiver>
269
270        <uses-library
270-->[androidx.window:window:1.0.0] AndroidManifest.xml:25:9-27:40
271            android:name="androidx.window.extensions"
271-->[androidx.window:window:1.0.0] AndroidManifest.xml:26:13-54
272            android:required="false" />
272-->[androidx.window:window:1.0.0] AndroidManifest.xml:27:13-37
273        <uses-library
273-->[androidx.window:window:1.0.0] AndroidManifest.xml:28:9-30:40
274            android:name="androidx.window.sidecar"
274-->[androidx.window:window:1.0.0] AndroidManifest.xml:29:13-51
275            android:required="false" />
275-->[androidx.window:window:1.0.0] AndroidManifest.xml:30:13-37
276
277        <service
277-->[androidx.room:room-runtime:2.6.1] AndroidManifest.xml:24:9-28:63
278            android:name="androidx.room.MultiInstanceInvalidationService"
278-->[androidx.room:room-runtime:2.6.1] AndroidManifest.xml:25:13-74
279            android:directBootAware="true"
279-->[androidx.room:room-runtime:2.6.1] AndroidManifest.xml:26:13-43
280            android:exported="false" />
280-->[androidx.room:room-runtime:2.6.1] AndroidManifest.xml:27:13-37
281
282        <receiver
282-->[androidx.profileinstaller:profileinstaller:1.4.0] AndroidManifest.xml:34:9-52:20
283            android:name="androidx.profileinstaller.ProfileInstallReceiver"
283-->[androidx.profileinstaller:profileinstaller:1.4.0] AndroidManifest.xml:35:13-76
284            android:directBootAware="false"
284-->[androidx.profileinstaller:profileinstaller:1.4.0] AndroidManifest.xml:36:13-44
285            android:enabled="true"
285-->[androidx.profileinstaller:profileinstaller:1.4.0] AndroidManifest.xml:37:13-35
286            android:exported="true"
286-->[androidx.profileinstaller:profileinstaller:1.4.0] AndroidManifest.xml:38:13-36
287            android:permission="android.permission.DUMP" >
287-->[androidx.profileinstaller:profileinstaller:1.4.0] AndroidManifest.xml:39:13-57
288            <intent-filter>
288-->[androidx.profileinstaller:profileinstaller:1.4.0] AndroidManifest.xml:40:13-42:29
289                <action android:name="androidx.profileinstaller.action.INSTALL_PROFILE" />
289-->[androidx.profileinstaller:profileinstaller:1.4.0] AndroidManifest.xml:41:17-91
289-->[androidx.profileinstaller:profileinstaller:1.4.0] AndroidManifest.xml:41:25-88
290            </intent-filter>
291            <intent-filter>
291-->[androidx.profileinstaller:profileinstaller:1.4.0] AndroidManifest.xml:43:13-45:29
292                <action android:name="androidx.profileinstaller.action.SKIP_FILE" />
292-->[androidx.profileinstaller:profileinstaller:1.4.0] AndroidManifest.xml:44:17-85
292-->[androidx.profileinstaller:profileinstaller:1.4.0] AndroidManifest.xml:44:25-82
293            </intent-filter>
294            <intent-filter>
294-->[androidx.profileinstaller:profileinstaller:1.4.0] AndroidManifest.xml:46:13-48:29
295                <action android:name="androidx.profileinstaller.action.SAVE_PROFILE" />
295-->[androidx.profileinstaller:profileinstaller:1.4.0] AndroidManifest.xml:47:17-88
295-->[androidx.profileinstaller:profileinstaller:1.4.0] AndroidManifest.xml:47:25-85
296            </intent-filter>
297            <intent-filter>
297-->[androidx.profileinstaller:profileinstaller:1.4.0] AndroidManifest.xml:49:13-51:29
298                <action android:name="androidx.profileinstaller.action.BENCHMARK_OPERATION" />
298-->[androidx.profileinstaller:profileinstaller:1.4.0] AndroidManifest.xml:50:17-95
298-->[androidx.profileinstaller:profileinstaller:1.4.0] AndroidManifest.xml:50:25-92
299            </intent-filter>
300        </receiver>
301    </application>
302
303</manifest>